2024-12-25 00:12:48,672 [Worker-6: Loading available Gradle versions] INFO  o.e.b.c.i.u.g.PublishedGradleVersions - Gradle version information cache is up-to-date. Trying to read.
2024-12-25 00:13:25,545 [Worker-0: Importing Maven projects] INFO  o.e.m.c.i.l.LifecycleMappingFactory - Using org.maven.ide.eclipse.wtp.WarLifecycleMapping lifecycle mapping for MavenProject: ca.bcit.comp3601:Assignment2:1.0 @ C:\Users\rishi\OneDrive\Desktop\GitHubProjects\A01346974_Assignment02\Assignment2\pom.xml.
2024-12-25 00:13:27,254 [Worker-0: Importing Maven projects] INFO  o.e.m.j.i.AbstractJavaProjectConfigurator - Adding source folder /Assignment2/src/main/java
2024-12-25 00:13:27,257 [Worker-0: Importing Maven projects] INFO  o.e.m.j.i.AbstractJavaProjectConfigurator - Adding resource folder /Assignment2/src/main/resources
2024-12-25 00:13:27,259 [Worker-0: Importing Maven projects] INFO  o.e.m.j.i.AbstractJavaProjectConfigurator - Adding source folder /Assignment2/src/test/java
2024-12-25 00:13:27,261 [Worker-0: Importing Maven projects] INFO  o.e.m.j.i.AbstractJavaProjectConfigurator - Adding resource folder /Assignment2/src/test/resources
2024-12-25 00:13:28,076 [Worker-0: Importing Maven projects] INFO  o.e.m.c.i.p.ProjectConfigurationManager - Imported and configured 1 project(s) in 3 sec
2024-12-25 00:13:28,855 [Worker-15: Building] WARN  o.a.m.s.f.DefaultMavenResourcesFiltering - Using platform encoding (UTF-8 actually) to copy filtered resources, i.e. build is platform dependent!
2024-12-25 00:13:28,864 [Worker-15: Building] INFO  o.a.m.s.f.DefaultMavenResourcesFiltering - Copying 0 resource from src\main\resources to target\classes
2024-12-25 00:13:28,871 [Worker-15: Building] WARN  o.a.m.s.f.DefaultMavenResourcesFiltering - Using platform encoding (UTF-8 actually) to copy filtered resources, i.e. build is platform dependent!
2024-12-25 00:13:28,872 [Worker-15: Building] INFO  o.a.m.s.f.DefaultMavenResourcesFiltering - skip non existing resourceDirectory C:\Users\rishi\OneDrive\Desktop\GitHubProjects\A01346974_Assignment02\Assignment2\src\test\resources
2024-12-25 00:13:28,875 [Worker-15: Building] INFO  o.e.m.w.i.f.ResourceFilteringBuildParticipant - Executing resource filtering for Assignment2
2024-12-25 00:13:28,920 [Worker-15: Building] WARN  o.a.m.s.f.DefaultMavenResourcesFiltering - Using platform encoding (UTF-8 actually) to copy filtered resources, i.e. build is platform dependent!
2024-12-25 00:13:28,923 [Worker-15: Building] INFO  o.a.m.s.f.DefaultMavenResourcesFiltering - Copying 7 resources from src\main\java to target\m2e-wtp\web-resources\WEB-INF\classes
2024-12-25 00:14:22,197 [Worker-5: Launching Executing install in C__Users_rishi_OneDrive_Desktop_GitHubProjects_A01346974_Assignment02_Assignment2] INFO  o.eclipse.m2e.core.internal.Bundles - getClasspathEntries(Bundle=org.eclipse.m2e.maven.runtime_3.9.600.20231203-1234 [635])
2024-12-25 00:14:22,199 [Worker-5: Launching Executing install in C__Users_rishi_OneDrive_Desktop_GitHubProjects_A01346974_Assignment02_Assignment2] INFO  o.eclipse.m2e.core.internal.Bundles - 	Entry: C:\Users\rishi\.p2\pool\plugins\org.eclipse.m2e.maven.runtime_3.9.600.20231203-1234
2024-12-25 00:14:22,199 [Worker-5: Launching Executing install in C__Users_rishi_OneDrive_Desktop_GitHubProjects_A01346974_Assignment02_Assignment2] INFO  o.eclipse.m2e.core.internal.Bundles - 	Entry: C:\Users\rishi\.p2\pool\plugins\org.eclipse.m2e.maven.runtime_3.9.600.20231203-1234\jars\aopalliance-1.0.jar
2024-12-25 00:14:22,199 [Worker-5: Launching Executing install in C__Users_rishi_OneDrive_Desktop_GitHubProjects_A01346974_Assignment02_Assignment2] INFO  o.eclipse.m2e.core.internal.Bundles - 	Entry: C:\Users\rishi\.p2\pool\plugins\org.eclipse.m2e.maven.runtime_3.9.600.20231203-1234\jars\guice-5.1.0.jar
2024-12-25 00:14:22,199 [Worker-5: Launching Executing install in C__Users_rishi_OneDrive_Desktop_GitHubProjects_A01346974_Assignment02_Assignment2] INFO  o.eclipse.m2e.core.internal.Bundles - 	Entry: C:\Users\rishi\.p2\pool\plugins\org.eclipse.m2e.maven.runtime_3.9.600.20231203-1234\jars\httpclient-4.5.14.jar
2024-12-25 00:14:22,200 [Worker-5: Launching Executing install in C__Users_rishi_OneDrive_Desktop_GitHubProjects_A01346974_Assignment02_Assignment2] INFO  o.eclipse.m2e.core.internal.Bundles - 	Entry: C:\Users\rishi\.p2\pool\plugins\org.eclipse.m2e.maven.runtime_3.9.600.20231203-1234\jars\httpcore-4.4.16.jar
2024-12-25 00:14:22,200 [Worker-5: Launching Executing install in C__Users_rishi_OneDrive_Desktop_GitHubProjects_A01346974_Assignment02_Assignment2] INFO  o.eclipse.m2e.core.internal.Bundles - 	Entry: C:\Users\rishi\.p2\pool\plugins\org.eclipse.m2e.maven.runtime_3.9.600.20231203-1234\jars\jansi-2.4.0.jar
2024-12-25 00:14:22,200 [Worker-5: Launching Executing install in C__Users_rishi_OneDrive_Desktop_GitHubProjects_A01346974_Assignment02_Assignment2] INFO  o.eclipse.m2e.core.internal.Bundles - 	Entry: C:\Users\rishi\.p2\pool\plugins\org.eclipse.m2e.maven.runtime_3.9.600.20231203-1234\jars\jcl-over-slf4j-1.7.36.jar
2024-12-25 00:14:22,200 [Worker-5: Launching Executing install in C__Users_rishi_OneDrive_Desktop_GitHubProjects_A01346974_Assignment02_Assignment2] INFO  o.eclipse.m2e.core.internal.Bundles - 	Entry: C:\Users\rishi\.p2\pool\plugins\org.eclipse.m2e.maven.runtime_3.9.600.20231203-1234\jars\maven-artifact-3.9.6.jar
2024-12-25 00:14:22,200 [Worker-5: Launching Executing install in C__Users_rishi_OneDrive_Desktop_GitHubProjects_A01346974_Assignment02_Assignment2] INFO  o.eclipse.m2e.core.internal.Bundles - 	Entry: C:\Users\rishi\.p2\pool\plugins\org.eclipse.m2e.maven.runtime_3.9.600.20231203-1234\jars\maven-builder-support-3.9.6.jar
2024-12-25 00:14:22,200 [Worker-5: Launching Executing install in C__Users_rishi_OneDrive_Desktop_GitHubProjects_A01346974_Assignment02_Assignment2] INFO  o.eclipse.m2e.core.internal.Bundles - 	Entry: C:\Users\rishi\.p2\pool\plugins\org.eclipse.m2e.maven.runtime_3.9.600.20231203-1234\jars\maven-compat-3.9.6.jar
2024-12-25 00:14:22,200 [Worker-5: Launching Executing install in C__Users_rishi_OneDrive_Desktop_GitHubProjects_A01346974_Assignment02_Assignment2] INFO  o.eclipse.m2e.core.internal.Bundles - 	Entry: C:\Users\rishi\.p2\pool\plugins\org.eclipse.m2e.maven.runtime_3.9.600.20231203-1234\jars\maven-core-3.9.6.jar
2024-12-25 00:14:22,200 [Worker-5: Launching Executing install in C__Users_rishi_OneDrive_Desktop_GitHubProjects_A01346974_Assignment02_Assignment2] INFO  o.eclipse.m2e.core.internal.Bundles - 	Entry: C:\Users\rishi\.p2\pool\plugins\org.eclipse.m2e.maven.runtime_3.9.600.20231203-1234\jars\maven-embedder-3.9.6.jar
2024-12-25 00:14:22,200 [Worker-5: Launching Executing install in C__Users_rishi_OneDrive_Desktop_GitHubProjects_A01346974_Assignment02_Assignment2] INFO  o.eclipse.m2e.core.internal.Bundles - 	Entry: C:\Users\rishi\.p2\pool\plugins\org.eclipse.m2e.maven.runtime_3.9.600.20231203-1234\jars\maven-model-3.9.6.jar
2024-12-25 00:14:22,201 [Worker-5: Launching Executing install in C__Users_rishi_OneDrive_Desktop_GitHubProjects_A01346974_Assignment02_Assignment2] INFO  o.eclipse.m2e.core.internal.Bundles - 	Entry: C:\Users\rishi\.p2\pool\plugins\org.eclipse.m2e.maven.runtime_3.9.600.20231203-1234\jars\maven-model-builder-3.9.6.jar
2024-12-25 00:14:22,201 [Worker-5: Launching Executing install in C__Users_rishi_OneDrive_Desktop_GitHubProjects_A01346974_Assignment02_Assignment2] INFO  o.eclipse.m2e.core.internal.Bundles - 	Entry: C:\Users\rishi\.p2\pool\plugins\org.eclipse.m2e.maven.runtime_3.9.600.20231203-1234\jars\maven-plugin-api-3.9.6.jar
2024-12-25 00:14:22,201 [Worker-5: Launching Executing install in C__Users_rishi_OneDrive_Desktop_GitHubProjects_A01346974_Assignment02_Assignment2] INFO  o.eclipse.m2e.core.internal.Bundles - 	Entry: C:\Users\rishi\.p2\pool\plugins\org.eclipse.m2e.maven.runtime_3.9.600.20231203-1234\jars\maven-repository-metadata-3.9.6.jar
2024-12-25 00:14:22,201 [Worker-5: Launching Executing install in C__Users_rishi_OneDrive_Desktop_GitHubProjects_A01346974_Assignment02_Assignment2] INFO  o.eclipse.m2e.core.internal.Bundles - 	Entry: C:\Users\rishi\.p2\pool\plugins\org.eclipse.m2e.maven.runtime_3.9.600.20231203-1234\jars\maven-resolver-api-1.9.18.jar
2024-12-25 00:14:22,201 [Worker-5: Launching Executing install in C__Users_rishi_OneDrive_Desktop_GitHubProjects_A01346974_Assignment02_Assignment2] INFO  o.eclipse.m2e.core.internal.Bundles - 	Entry: C:\Users\rishi\.p2\pool\plugins\org.eclipse.m2e.maven.runtime_3.9.600.20231203-1234\jars\maven-resolver-connector-basic-1.9.18.jar
2024-12-25 00:14:22,201 [Worker-5: Launching Executing install in C__Users_rishi_OneDrive_Desktop_GitHubProjects_A01346974_Assignment02_Assignment2] INFO  o.eclipse.m2e.core.internal.Bundles - 	Entry: C:\Users\rishi\.p2\pool\plugins\org.eclipse.m2e.maven.runtime_3.9.600.20231203-1234\jars\maven-resolver-impl-1.9.18.jar
2024-12-25 00:14:22,201 [Worker-5: Launching Executing install in C__Users_rishi_OneDrive_Desktop_GitHubProjects_A01346974_Assignment02_Assignment2] INFO  o.eclipse.m2e.core.internal.Bundles - 	Entry: C:\Users\rishi\.p2\pool\plugins\org.eclipse.m2e.maven.runtime_3.9.600.20231203-1234\jars\maven-resolver-named-locks-1.9.18.jar
2024-12-25 00:14:22,201 [Worker-5: Launching Executing install in C__Users_rishi_OneDrive_Desktop_GitHubProjects_A01346974_Assignment02_Assignment2] INFO  o.eclipse.m2e.core.internal.Bundles - 	Entry: C:\Users\rishi\.p2\pool\plugins\org.eclipse.m2e.maven.runtime_3.9.600.20231203-1234\jars\maven-resolver-provider-3.9.6.jar
2024-12-25 00:14:22,201 [Worker-5: Launching Executing install in C__Users_rishi_OneDrive_Desktop_GitHubProjects_A01346974_Assignment02_Assignment2] INFO  o.eclipse.m2e.core.internal.Bundles - 	Entry: C:\Users\rishi\.p2\pool\plugins\org.eclipse.m2e.maven.runtime_3.9.600.20231203-1234\jars\maven-resolver-spi-1.9.18.jar
2024-12-25 00:14:22,201 [Worker-5: Launching Executing install in C__Users_rishi_OneDrive_Desktop_GitHubProjects_A01346974_Assignment02_Assignment2] INFO  o.eclipse.m2e.core.internal.Bundles - 	Entry: C:\Users\rishi\.p2\pool\plugins\org.eclipse.m2e.maven.runtime_3.9.600.20231203-1234\jars\maven-resolver-transport-file-1.9.18.jar
2024-12-25 00:14:22,202 [Worker-5: Launching Executing install in C__Users_rishi_OneDrive_Desktop_GitHubProjects_A01346974_Assignment02_Assignment2] INFO  o.eclipse.m2e.core.internal.Bundles - 	Entry: C:\Users\rishi\.p2\pool\plugins\org.eclipse.m2e.maven.runtime_3.9.600.20231203-1234\jars\maven-resolver-transport-http-1.9.18.jar
2024-12-25 00:14:22,202 [Worker-5: Launching Executing install in C__Users_rishi_OneDrive_Desktop_GitHubProjects_A01346974_Assignment02_Assignment2] INFO  o.eclipse.m2e.core.internal.Bundles - 	Entry: C:\Users\rishi\.p2\pool\plugins\org.eclipse.m2e.maven.runtime_3.9.600.20231203-1234\jars\maven-resolver-transport-wagon-1.9.18.jar
2024-12-25 00:14:22,202 [Worker-5: Launching Executing install in C__Users_rishi_OneDrive_Desktop_GitHubProjects_A01346974_Assignment02_Assignment2] INFO  o.eclipse.m2e.core.internal.Bundles - 	Entry: C:\Users\rishi\.p2\pool\plugins\org.eclipse.m2e.maven.runtime_3.9.600.20231203-1234\jars\maven-resolver-util-1.9.18.jar
2024-12-25 00:14:22,202 [Worker-5: Launching Executing install in C__Users_rishi_OneDrive_Desktop_GitHubProjects_A01346974_Assignment02_Assignment2] INFO  o.eclipse.m2e.core.internal.Bundles - 	Entry: C:\Users\rishi\.p2\pool\plugins\org.eclipse.m2e.maven.runtime_3.9.600.20231203-1234\jars\maven-settings-3.9.6.jar
2024-12-25 00:14:22,202 [Worker-5: Launching Executing install in C__Users_rishi_OneDrive_Desktop_GitHubProjects_A01346974_Assignment02_Assignment2] INFO  o.eclipse.m2e.core.internal.Bundles - 	Entry: C:\Users\rishi\.p2\pool\plugins\org.eclipse.m2e.maven.runtime_3.9.600.20231203-1234\jars\maven-settings-builder-3.9.6.jar
2024-12-25 00:14:22,202 [Worker-5: Launching Executing install in C__Users_rishi_OneDrive_Desktop_GitHubProjects_A01346974_Assignment02_Assignment2] INFO  o.eclipse.m2e.core.internal.Bundles - 	Entry: C:\Users\rishi\.p2\pool\plugins\org.eclipse.m2e.maven.runtime_3.9.600.20231203-1234\jars\maven-shared-utils-3.3.4.jar
2024-12-25 00:14:22,202 [Worker-5: Launching Executing install in C__Users_rishi_OneDrive_Desktop_GitHubProjects_A01346974_Assignment02_Assignment2] INFO  o.eclipse.m2e.core.internal.Bundles - 	Entry: C:\Users\rishi\.p2\pool\plugins\org.eclipse.m2e.maven.runtime_3.9.600.20231203-1234\jars\org.eclipse.sisu.inject-0.9.0.M2.jar
2024-12-25 00:14:22,202 [Worker-5: Launching Executing install in C__Users_rishi_OneDrive_Desktop_GitHubProjects_A01346974_Assignment02_Assignment2] INFO  o.eclipse.m2e.core.internal.Bundles - 	Entry: C:\Users\rishi\.p2\pool\plugins\org.eclipse.m2e.maven.runtime_3.9.600.20231203-1234\jars\org.eclipse.sisu.plexus-0.9.0.M2.jar
2024-12-25 00:14:22,202 [Worker-5: Launching Executing install in C__Users_rishi_OneDrive_Desktop_GitHubProjects_A01346974_Assignment02_Assignment2] INFO  o.eclipse.m2e.core.internal.Bundles - 	Entry: C:\Users\rishi\.p2\pool\plugins\org.eclipse.m2e.maven.runtime_3.9.600.20231203-1234\jars\plexus-build-api-0.0.7.jar
2024-12-25 00:14:22,202 [Worker-5: Launching Executing install in C__Users_rishi_OneDrive_Desktop_GitHubProjects_A01346974_Assignment02_Assignment2] INFO  o.eclipse.m2e.core.internal.Bundles - 	Entry: C:\Users\rishi\.p2\pool\plugins\org.eclipse.m2e.maven.runtime_3.9.600.20231203-1234\jars\plexus-cipher-2.0.jar
2024-12-25 00:14:22,203 [Worker-5: Launching Executing install in C__Users_rishi_OneDrive_Desktop_GitHubProjects_A01346974_Assignment02_Assignment2] INFO  o.eclipse.m2e.core.internal.Bundles - 	Entry: C:\Users\rishi\.p2\pool\plugins\org.eclipse.m2e.maven.runtime_3.9.600.20231203-1234\jars\plexus-classworlds-2.7.0.jar
2024-12-25 00:14:22,203 [Worker-5: Launching Executing install in C__Users_rishi_OneDrive_Desktop_GitHubProjects_A01346974_Assignment02_Assignment2] INFO  o.eclipse.m2e.core.internal.Bundles - 	Entry: C:\Users\rishi\.p2\pool\plugins\org.eclipse.m2e.maven.runtime_3.9.600.20231203-1234\jars\plexus-component-annotations-2.1.0.jar
2024-12-25 00:14:22,203 [Worker-5: Launching Executing install in C__Users_rishi_OneDrive_Desktop_GitHubProjects_A01346974_Assignment02_Assignment2] INFO  o.eclipse.m2e.core.internal.Bundles - 	Entry: C:\Users\rishi\.p2\pool\plugins\org.eclipse.m2e.maven.runtime_3.9.600.20231203-1234\jars\plexus-interpolation-1.26.jar
2024-12-25 00:14:22,203 [Worker-5: Launching Executing install in C__Users_rishi_OneDrive_Desktop_GitHubProjects_A01346974_Assignment02_Assignment2] INFO  o.eclipse.m2e.core.internal.Bundles - 	Entry: C:\Users\rishi\.p2\pool\plugins\org.eclipse.m2e.maven.runtime_3.9.600.20231203-1234\jars\plexus-sec-dispatcher-2.0.jar
2024-12-25 00:14:22,203 [Worker-5: Launching Executing install in C__Users_rishi_OneDrive_Desktop_GitHubProjects_A01346974_Assignment02_Assignment2] INFO  o.eclipse.m2e.core.internal.Bundles - 	Entry: C:\Users\rishi\.p2\pool\plugins\org.eclipse.m2e.maven.runtime_3.9.600.20231203-1234\jars\plexus-utils-3.5.1.jar
2024-12-25 00:14:22,203 [Worker-5: Launching Executing install in C__Users_rishi_OneDrive_Desktop_GitHubProjects_A01346974_Assignment02_Assignment2] INFO  o.eclipse.m2e.core.internal.Bundles - 	Entry: C:\Users\rishi\.p2\pool\plugins\org.eclipse.m2e.maven.runtime_3.9.600.20231203-1234\jars\wagon-file-3.5.3.jar
2024-12-25 00:14:22,203 [Worker-5: Launching Executing install in C__Users_rishi_OneDrive_Desktop_GitHubProjects_A01346974_Assignment02_Assignment2] INFO  o.eclipse.m2e.core.internal.Bundles - 	Entry: C:\Users\rishi\.p2\pool\plugins\org.eclipse.m2e.maven.runtime_3.9.600.20231203-1234\jars\wagon-http-3.5.3.jar
2024-12-25 00:14:22,203 [Worker-5: Launching Executing install in C__Users_rishi_OneDrive_Desktop_GitHubProjects_A01346974_Assignment02_Assignment2] INFO  o.eclipse.m2e.core.internal.Bundles - 	Entry: C:\Users\rishi\.p2\pool\plugins\org.eclipse.m2e.maven.runtime_3.9.600.20231203-1234\jars\wagon-http-shared-3.5.3.jar
2024-12-25 00:14:22,203 [Worker-5: Launching Executing install in C__Users_rishi_OneDrive_Desktop_GitHubProjects_A01346974_Assignment02_Assignment2] INFO  o.eclipse.m2e.core.internal.Bundles - 	Entry: C:\Users\rishi\.p2\pool\plugins\org.eclipse.m2e.maven.runtime_3.9.600.20231203-1234\jars\wagon-provider-api-3.5.3.jar
2024-12-25 00:14:22,205 [Worker-5: Launching Executing install in C__Users_rishi_OneDrive_Desktop_GitHubProjects_A01346974_Assignment02_Assignment2] INFO  o.eclipse.m2e.core.internal.Bundles - getClasspathEntries(Bundle=com.google.guava_33.0.0.jre [14])
2024-12-25 00:14:22,205 [Worker-5: Launching Executing install in C__Users_rishi_OneDrive_Desktop_GitHubProjects_A01346974_Assignment02_Assignment2] INFO  o.eclipse.m2e.core.internal.Bundles - 	Entry: C:\Users\rishi\.p2\pool\plugins\com.google.guava_33.0.0.jre.jar
2024-12-25 00:14:22,205 [Worker-5: Launching Executing install in C__Users_rishi_OneDrive_Desktop_GitHubProjects_A01346974_Assignment02_Assignment2] INFO  o.eclipse.m2e.core.internal.Bundles - getClasspathEntries(Bundle=slf4j.api_2.0.12 [998])
2024-12-25 00:14:22,206 [Worker-5: Launching Executing install in C__Users_rishi_OneDrive_Desktop_GitHubProjects_A01346974_Assignment02_Assignment2] INFO  o.eclipse.m2e.core.internal.Bundles - 	Entry: C:\Users\rishi\.p2\pool\plugins\slf4j.api_2.0.12.jar
2024-12-25 00:14:22,206 [Worker-5: Launching Executing install in C__Users_rishi_OneDrive_Desktop_GitHubProjects_A01346974_Assignment02_Assignment2] INFO  o.eclipse.m2e.core.internal.Bundles - getClasspathEntries(Bundle=javax.inject_1.0.0.v20091030 [1004])
2024-12-25 00:14:22,206 [Worker-5: Launching Executing install in C__Users_rishi_OneDrive_Desktop_GitHubProjects_A01346974_Assignment02_Assignment2] INFO  o.eclipse.m2e.core.internal.Bundles - 	Entry: C:\Users\rishi\.p2\pool\plugins\javax.inject_1.0.0.v20091030.jar
2024-12-25 00:14:22,206 [Worker-5: Launching Executing install in C__Users_rishi_OneDrive_Desktop_GitHubProjects_A01346974_Assignment02_Assignment2] INFO  o.eclipse.m2e.core.internal.Bundles - getClasspathEntries(Bundle=javax.annotation_1.3.5.v20200909-1856 [1003])
2024-12-25 00:14:22,206 [Worker-5: Launching Executing install in C__Users_rishi_OneDrive_Desktop_GitHubProjects_A01346974_Assignment02_Assignment2] INFO  o.eclipse.m2e.core.internal.Bundles - 	Entry: C:\Users\rishi\.p2\pool\plugins\javax.annotation_1.3.5.v20200909-1856.jar
2024-12-25 00:14:22,206 [Worker-5: Launching Executing install in C__Users_rishi_OneDrive_Desktop_GitHubProjects_A01346974_Assignment02_Assignment2] INFO  o.eclipse.m2e.core.internal.Bundles - getClasspathEntries(Bundle=org.apache.commons.cli_1.6.0 [75])
2024-12-25 00:14:22,207 [Worker-5: Launching Executing install in C__Users_rishi_OneDrive_Desktop_GitHubProjects_A01346974_Assignment02_Assignment2] INFO  o.eclipse.m2e.core.internal.Bundles - 	Entry: C:\Users\rishi\.p2\pool\plugins\org.apache.commons.cli_1.6.0.jar
2024-12-25 00:14:22,207 [Worker-5: Launching Executing install in C__Users_rishi_OneDrive_Desktop_GitHubProjects_A01346974_Assignment02_Assignment2] INFO  o.eclipse.m2e.core.internal.Bundles - getClasspathEntries(Bundle=org.apache.commons.commons-codec_1.16.0 [78])
2024-12-25 00:14:22,207 [Worker-5: Launching Executing install in C__Users_rishi_OneDrive_Desktop_GitHubProjects_A01346974_Assignment02_Assignment2] INFO  o.eclipse.m2e.core.internal.Bundles - 	Entry: C:\Users\rishi\.p2\pool\plugins\org.apache.commons.commons-codec_1.16.0.jar
2024-12-25 00:14:22,207 [Worker-5: Launching Executing install in C__Users_rishi_OneDrive_Desktop_GitHubProjects_A01346974_Assignment02_Assignment2] INFO  o.eclipse.m2e.core.internal.Bundles - getClasspathEntries(Bundle=org.apache.commons.lang3_3.14.0 [86])
2024-12-25 00:14:22,207 [Worker-5: Launching Executing install in C__Users_rishi_OneDrive_Desktop_GitHubProjects_A01346974_Assignment02_Assignment2] INFO  o.eclipse.m2e.core.internal.Bundles - 	Entry: C:\Users\rishi\.p2\pool\plugins\org.apache.commons.lang3_3.14.0.jar
2024-12-25 00:14:22,207 [Worker-5: Launching Executing install in C__Users_rishi_OneDrive_Desktop_GitHubProjects_A01346974_Assignment02_Assignment2] INFO  o.eclipse.m2e.core.internal.Bundles - getClasspathEntries(Bundle=com.google.guava.failureaccess_1.0.2 [15])
2024-12-25 00:14:22,207 [Worker-5: Launching Executing install in C__Users_rishi_OneDrive_Desktop_GitHubProjects_A01346974_Assignment02_Assignment2] INFO  o.eclipse.m2e.core.internal.Bundles - 	Entry: C:\Users\rishi\.p2\pool\plugins\com.google.guava.failureaccess_1.0.2.jar
2024-12-25 00:14:22,211 [Worker-5: Launching Executing install in C__Users_rishi_OneDrive_Desktop_GitHubProjects_A01346974_Assignment02_Assignment2] INFO  o.e.m.i.launch.MavenLaunchDelegate - Run build in "C:\Users\rishi\OneDrive\Desktop\GitHubProjects\A01346974_Assignment02\Assignment2":
2024-12-25 00:14:22,215 [Worker-5: Launching Executing install in C__Users_rishi_OneDrive_Desktop_GitHubProjects_A01346974_Assignment02_Assignment2] INFO  o.e.m.i.launch.MavenLaunchDelegate -  mvn  -B -Dstyle.color=always install
2024-12-25 00:18:46,157 [Worker-25: Building] WARN  o.a.m.s.f.DefaultMavenResourcesFiltering - Using platform encoding (UTF-8 actually) to copy filtered resources, i.e. build is platform dependent!
2024-12-25 00:18:46,159 [Worker-25: Building] INFO  o.a.m.s.f.DefaultMavenResourcesFiltering - Copying 0 resource from src\main\resources to target\classes
2024-12-25 00:18:46,161 [Worker-25: Building] WARN  o.a.m.s.f.DefaultMavenResourcesFiltering - Using platform encoding (UTF-8 actually) to copy filtered resources, i.e. build is platform dependent!
2024-12-25 00:18:46,163 [Worker-25: Building] INFO  o.a.m.s.f.DefaultMavenResourcesFiltering - skip non existing resourceDirectory C:\Users\rishi\OneDrive\Desktop\GitHubProjects\A01346974_Assignment02\Assignment2\src\test\resources
2024-12-25 00:19:06,552 [Worker-25: Launching Executing install in C__Users_rishi_OneDrive_Desktop_GitHubProjects_A01346974_Assignment02_Assignment2] INFO  o.eclipse.m2e.core.internal.Bundles - getClasspathEntries(Bundle=org.eclipse.m2e.maven.runtime_3.9.600.20231203-1234 [635])
2024-12-25 00:19:06,553 [Worker-25: Launching Executing install in C__Users_rishi_OneDrive_Desktop_GitHubProjects_A01346974_Assignment02_Assignment2] INFO  o.eclipse.m2e.core.internal.Bundles - 	Entry: C:\Users\rishi\.p2\pool\plugins\org.eclipse.m2e.maven.runtime_3.9.600.20231203-1234
2024-12-25 00:19:06,553 [Worker-25: Launching Executing install in C__Users_rishi_OneDrive_Desktop_GitHubProjects_A01346974_Assignment02_Assignment2] INFO  o.eclipse.m2e.core.internal.Bundles - 	Entry: C:\Users\rishi\.p2\pool\plugins\org.eclipse.m2e.maven.runtime_3.9.600.20231203-1234\jars\aopalliance-1.0.jar
2024-12-25 00:19:06,553 [Worker-25: Launching Executing install in C__Users_rishi_OneDrive_Desktop_GitHubProjects_A01346974_Assignment02_Assignment2] INFO  o.eclipse.m2e.core.internal.Bundles - 	Entry: C:\Users\rishi\.p2\pool\plugins\org.eclipse.m2e.maven.runtime_3.9.600.20231203-1234\jars\guice-5.1.0.jar
2024-12-25 00:19:06,553 [Worker-25: Launching Executing install in C__Users_rishi_OneDrive_Desktop_GitHubProjects_A01346974_Assignment02_Assignment2] INFO  o.eclipse.m2e.core.internal.Bundles - 	Entry: C:\Users\rishi\.p2\pool\plugins\org.eclipse.m2e.maven.runtime_3.9.600.20231203-1234\jars\httpclient-4.5.14.jar
2024-12-25 00:19:06,553 [Worker-25: Launching Executing install in C__Users_rishi_OneDrive_Desktop_GitHubProjects_A01346974_Assignment02_Assignment2] INFO  o.eclipse.m2e.core.internal.Bundles - 	Entry: C:\Users\rishi\.p2\pool\plugins\org.eclipse.m2e.maven.runtime_3.9.600.20231203-1234\jars\httpcore-4.4.16.jar
2024-12-25 00:19:06,553 [Worker-25: Launching Executing install in C__Users_rishi_OneDrive_Desktop_GitHubProjects_A01346974_Assignment02_Assignment2] INFO  o.eclipse.m2e.core.internal.Bundles - 	Entry: C:\Users\rishi\.p2\pool\plugins\org.eclipse.m2e.maven.runtime_3.9.600.20231203-1234\jars\jansi-2.4.0.jar
2024-12-25 00:19:06,553 [Worker-25: Launching Executing install in C__Users_rishi_OneDrive_Desktop_GitHubProjects_A01346974_Assignment02_Assignment2] INFO  o.eclipse.m2e.core.internal.Bundles - 	Entry: C:\Users\rishi\.p2\pool\plugins\org.eclipse.m2e.maven.runtime_3.9.600.20231203-1234\jars\jcl-over-slf4j-1.7.36.jar
2024-12-25 00:19:06,553 [Worker-25: Launching Executing install in C__Users_rishi_OneDrive_Desktop_GitHubProjects_A01346974_Assignment02_Assignment2] INFO  o.eclipse.m2e.core.internal.Bundles - 	Entry: C:\Users\rishi\.p2\pool\plugins\org.eclipse.m2e.maven.runtime_3.9.600.20231203-1234\jars\maven-artifact-3.9.6.jar
2024-12-25 00:19:06,554 [Worker-25: Launching Executing install in C__Users_rishi_OneDrive_Desktop_GitHubProjects_A01346974_Assignment02_Assignment2] INFO  o.eclipse.m2e.core.internal.Bundles - 	Entry: C:\Users\rishi\.p2\pool\plugins\org.eclipse.m2e.maven.runtime_3.9.600.20231203-1234\jars\maven-builder-support-3.9.6.jar
2024-12-25 00:19:06,554 [Worker-25: Launching Executing install in C__Users_rishi_OneDrive_Desktop_GitHubProjects_A01346974_Assignment02_Assignment2] INFO  o.eclipse.m2e.core.internal.Bundles - 	Entry: C:\Users\rishi\.p2\pool\plugins\org.eclipse.m2e.maven.runtime_3.9.600.20231203-1234\jars\maven-compat-3.9.6.jar
2024-12-25 00:19:06,554 [Worker-25: Launching Executing install in C__Users_rishi_OneDrive_Desktop_GitHubProjects_A01346974_Assignment02_Assignment2] INFO  o.eclipse.m2e.core.internal.Bundles - 	Entry: C:\Users\rishi\.p2\pool\plugins\org.eclipse.m2e.maven.runtime_3.9.600.20231203-1234\jars\maven-core-3.9.6.jar
2024-12-25 00:19:06,554 [Worker-25: Launching Executing install in C__Users_rishi_OneDrive_Desktop_GitHubProjects_A01346974_Assignment02_Assignment2] INFO  o.eclipse.m2e.core.internal.Bundles - 	Entry: C:\Users\rishi\.p2\pool\plugins\org.eclipse.m2e.maven.runtime_3.9.600.20231203-1234\jars\maven-embedder-3.9.6.jar
2024-12-25 00:19:06,554 [Worker-25: Launching Executing install in C__Users_rishi_OneDrive_Desktop_GitHubProjects_A01346974_Assignment02_Assignment2] INFO  o.eclipse.m2e.core.internal.Bundles - 	Entry: C:\Users\rishi\.p2\pool\plugins\org.eclipse.m2e.maven.runtime_3.9.600.20231203-1234\jars\maven-model-3.9.6.jar
2024-12-25 00:19:06,554 [Worker-25: Launching Executing install in C__Users_rishi_OneDrive_Desktop_GitHubProjects_A01346974_Assignment02_Assignment2] INFO  o.eclipse.m2e.core.internal.Bundles - 	Entry: C:\Users\rishi\.p2\pool\plugins\org.eclipse.m2e.maven.runtime_3.9.600.20231203-1234\jars\maven-model-builder-3.9.6.jar
2024-12-25 00:19:06,554 [Worker-25: Launching Executing install in C__Users_rishi_OneDrive_Desktop_GitHubProjects_A01346974_Assignment02_Assignment2] INFO  o.eclipse.m2e.core.internal.Bundles - 	Entry: C:\Users\rishi\.p2\pool\plugins\org.eclipse.m2e.maven.runtime_3.9.600.20231203-1234\jars\maven-plugin-api-3.9.6.jar
2024-12-25 00:19:06,554 [Worker-25: Launching Executing install in C__Users_rishi_OneDrive_Desktop_GitHubProjects_A01346974_Assignment02_Assignment2] INFO  o.eclipse.m2e.core.internal.Bundles - 	Entry: C:\Users\rishi\.p2\pool\plugins\org.eclipse.m2e.maven.runtime_3.9.600.20231203-1234\jars\maven-repository-metadata-3.9.6.jar
2024-12-25 00:19:06,554 [Worker-25: Launching Executing install in C__Users_rishi_OneDrive_Desktop_GitHubProjects_A01346974_Assignment02_Assignment2] INFO  o.eclipse.m2e.core.internal.Bundles - 	Entry: C:\Users\rishi\.p2\pool\plugins\org.eclipse.m2e.maven.runtime_3.9.600.20231203-1234\jars\maven-resolver-api-1.9.18.jar
2024-12-25 00:19:06,554 [Worker-25: Launching Executing install in C__Users_rishi_OneDrive_Desktop_GitHubProjects_A01346974_Assignment02_Assignment2] INFO  o.eclipse.m2e.core.internal.Bundles - 	Entry: C:\Users\rishi\.p2\pool\plugins\org.eclipse.m2e.maven.runtime_3.9.600.20231203-1234\jars\maven-resolver-connector-basic-1.9.18.jar
2024-12-25 00:19:06,554 [Worker-25: Launching Executing install in C__Users_rishi_OneDrive_Desktop_GitHubProjects_A01346974_Assignment02_Assignment2] INFO  o.eclipse.m2e.core.internal.Bundles - 	Entry: C:\Users\rishi\.p2\pool\plugins\org.eclipse.m2e.maven.runtime_3.9.600.20231203-1234\jars\maven-resolver-impl-1.9.18.jar
2024-12-25 00:19:06,554 [Worker-25: Launching Executing install in C__Users_rishi_OneDrive_Desktop_GitHubProjects_A01346974_Assignment02_Assignment2] INFO  o.eclipse.m2e.core.internal.Bundles - 	Entry: C:\Users\rishi\.p2\pool\plugins\org.eclipse.m2e.maven.runtime_3.9.600.20231203-1234\jars\maven-resolver-named-locks-1.9.18.jar
2024-12-25 00:19:06,555 [Worker-25: Launching Executing install in C__Users_rishi_OneDrive_Desktop_GitHubProjects_A01346974_Assignment02_Assignment2] INFO  o.eclipse.m2e.core.internal.Bundles - 	Entry: C:\Users\rishi\.p2\pool\plugins\org.eclipse.m2e.maven.runtime_3.9.600.20231203-1234\jars\maven-resolver-provider-3.9.6.jar
2024-12-25 00:19:06,555 [Worker-25: Launching Executing install in C__Users_rishi_OneDrive_Desktop_GitHubProjects_A01346974_Assignment02_Assignment2] INFO  o.eclipse.m2e.core.internal.Bundles - 	Entry: C:\Users\rishi\.p2\pool\plugins\org.eclipse.m2e.maven.runtime_3.9.600.20231203-1234\jars\maven-resolver-spi-1.9.18.jar
2024-12-25 00:19:06,555 [Worker-25: Launching Executing install in C__Users_rishi_OneDrive_Desktop_GitHubProjects_A01346974_Assignment02_Assignment2] INFO  o.eclipse.m2e.core.internal.Bundles - 	Entry: C:\Users\rishi\.p2\pool\plugins\org.eclipse.m2e.maven.runtime_3.9.600.20231203-1234\jars\maven-resolver-transport-file-1.9.18.jar
2024-12-25 00:19:06,555 [Worker-25: Launching Executing install in C__Users_rishi_OneDrive_Desktop_GitHubProjects_A01346974_Assignment02_Assignment2] INFO  o.eclipse.m2e.core.internal.Bundles - 	Entry: C:\Users\rishi\.p2\pool\plugins\org.eclipse.m2e.maven.runtime_3.9.600.20231203-1234\jars\maven-resolver-transport-http-1.9.18.jar
2024-12-25 00:19:06,555 [Worker-25: Launching Executing install in C__Users_rishi_OneDrive_Desktop_GitHubProjects_A01346974_Assignment02_Assignment2] INFO  o.eclipse.m2e.core.internal.Bundles - 	Entry: C:\Users\rishi\.p2\pool\plugins\org.eclipse.m2e.maven.runtime_3.9.600.20231203-1234\jars\maven-resolver-transport-wagon-1.9.18.jar
2024-12-25 00:19:06,555 [Worker-25: Launching Executing install in C__Users_rishi_OneDrive_Desktop_GitHubProjects_A01346974_Assignment02_Assignment2] INFO  o.eclipse.m2e.core.internal.Bundles - 	Entry: C:\Users\rishi\.p2\pool\plugins\org.eclipse.m2e.maven.runtime_3.9.600.20231203-1234\jars\maven-resolver-util-1.9.18.jar
2024-12-25 00:19:06,555 [Worker-25: Launching Executing install in C__Users_rishi_OneDrive_Desktop_GitHubProjects_A01346974_Assignment02_Assignment2] INFO  o.eclipse.m2e.core.internal.Bundles - 	Entry: C:\Users\rishi\.p2\pool\plugins\org.eclipse.m2e.maven.runtime_3.9.600.20231203-1234\jars\maven-settings-3.9.6.jar
2024-12-25 00:19:06,555 [Worker-25: Launching Executing install in C__Users_rishi_OneDrive_Desktop_GitHubProjects_A01346974_Assignment02_Assignment2] INFO  o.eclipse.m2e.core.internal.Bundles - 	Entry: C:\Users\rishi\.p2\pool\plugins\org.eclipse.m2e.maven.runtime_3.9.600.20231203-1234\jars\maven-settings-builder-3.9.6.jar
2024-12-25 00:19:06,555 [Worker-25: Launching Executing install in C__Users_rishi_OneDrive_Desktop_GitHubProjects_A01346974_Assignment02_Assignment2] INFO  o.eclipse.m2e.core.internal.Bundles - 	Entry: C:\Users\rishi\.p2\pool\plugins\org.eclipse.m2e.maven.runtime_3.9.600.20231203-1234\jars\maven-shared-utils-3.3.4.jar
2024-12-25 00:19:06,555 [Worker-25: Launching Executing install in C__Users_rishi_OneDrive_Desktop_GitHubProjects_A01346974_Assignment02_Assignment2] INFO  o.eclipse.m2e.core.internal.Bundles - 	Entry: C:\Users\rishi\.p2\pool\plugins\org.eclipse.m2e.maven.runtime_3.9.600.20231203-1234\jars\org.eclipse.sisu.inject-0.9.0.M2.jar
2024-12-25 00:19:06,555 [Worker-25: Launching Executing install in C__Users_rishi_OneDrive_Desktop_GitHubProjects_A01346974_Assignment02_Assignment2] INFO  o.eclipse.m2e.core.internal.Bundles - 	Entry: C:\Users\rishi\.p2\pool\plugins\org.eclipse.m2e.maven.runtime_3.9.600.20231203-1234\jars\org.eclipse.sisu.plexus-0.9.0.M2.jar
2024-12-25 00:19:06,556 [Worker-25: Launching Executing install in C__Users_rishi_OneDrive_Desktop_GitHubProjects_A01346974_Assignment02_Assignment2] INFO  o.eclipse.m2e.core.internal.Bundles - 	Entry: C:\Users\rishi\.p2\pool\plugins\org.eclipse.m2e.maven.runtime_3.9.600.20231203-1234\jars\plexus-build-api-0.0.7.jar
2024-12-25 00:19:06,556 [Worker-25: Launching Executing install in C__Users_rishi_OneDrive_Desktop_GitHubProjects_A01346974_Assignment02_Assignment2] INFO  o.eclipse.m2e.core.internal.Bundles - 	Entry: C:\Users\rishi\.p2\pool\plugins\org.eclipse.m2e.maven.runtime_3.9.600.20231203-1234\jars\plexus-cipher-2.0.jar
2024-12-25 00:19:06,556 [Worker-25: Launching Executing install in C__Users_rishi_OneDrive_Desktop_GitHubProjects_A01346974_Assignment02_Assignment2] INFO  o.eclipse.m2e.core.internal.Bundles - 	Entry: C:\Users\rishi\.p2\pool\plugins\org.eclipse.m2e.maven.runtime_3.9.600.20231203-1234\jars\plexus-classworlds-2.7.0.jar
2024-12-25 00:19:06,556 [Worker-25: Launching Executing install in C__Users_rishi_OneDrive_Desktop_GitHubProjects_A01346974_Assignment02_Assignment2] INFO  o.eclipse.m2e.core.internal.Bundles - 	Entry: C:\Users\rishi\.p2\pool\plugins\org.eclipse.m2e.maven.runtime_3.9.600.20231203-1234\jars\plexus-component-annotations-2.1.0.jar
2024-12-25 00:19:06,556 [Worker-25: Launching Executing install in C__Users_rishi_OneDrive_Desktop_GitHubProjects_A01346974_Assignment02_Assignment2] INFO  o.eclipse.m2e.core.internal.Bundles - 	Entry: C:\Users\rishi\.p2\pool\plugins\org.eclipse.m2e.maven.runtime_3.9.600.20231203-1234\jars\plexus-interpolation-1.26.jar
2024-12-25 00:19:06,556 [Worker-25: Launching Executing install in C__Users_rishi_OneDrive_Desktop_GitHubProjects_A01346974_Assignment02_Assignment2] INFO  o.eclipse.m2e.core.internal.Bundles - 	Entry: C:\Users\rishi\.p2\pool\plugins\org.eclipse.m2e.maven.runtime_3.9.600.20231203-1234\jars\plexus-sec-dispatcher-2.0.jar
2024-12-25 00:19:06,556 [Worker-25: Launching Executing install in C__Users_rishi_OneDrive_Desktop_GitHubProjects_A01346974_Assignment02_Assignment2] INFO  o.eclipse.m2e.core.internal.Bundles - 	Entry: C:\Users\rishi\.p2\pool\plugins\org.eclipse.m2e.maven.runtime_3.9.600.20231203-1234\jars\plexus-utils-3.5.1.jar
2024-12-25 00:19:06,556 [Worker-25: Launching Executing install in C__Users_rishi_OneDrive_Desktop_GitHubProjects_A01346974_Assignment02_Assignment2] INFO  o.eclipse.m2e.core.internal.Bundles - 	Entry: C:\Users\rishi\.p2\pool\plugins\org.eclipse.m2e.maven.runtime_3.9.600.20231203-1234\jars\wagon-file-3.5.3.jar
2024-12-25 00:19:06,556 [Worker-25: Launching Executing install in C__Users_rishi_OneDrive_Desktop_GitHubProjects_A01346974_Assignment02_Assignment2] INFO  o.eclipse.m2e.core.internal.Bundles - 	Entry: C:\Users\rishi\.p2\pool\plugins\org.eclipse.m2e.maven.runtime_3.9.600.20231203-1234\jars\wagon-http-3.5.3.jar
2024-12-25 00:19:06,556 [Worker-25: Launching Executing install in C__Users_rishi_OneDrive_Desktop_GitHubProjects_A01346974_Assignment02_Assignment2] INFO  o.eclipse.m2e.core.internal.Bundles - 	Entry: C:\Users\rishi\.p2\pool\plugins\org.eclipse.m2e.maven.runtime_3.9.600.20231203-1234\jars\wagon-http-shared-3.5.3.jar
2024-12-25 00:19:06,556 [Worker-25: Launching Executing install in C__Users_rishi_OneDrive_Desktop_GitHubProjects_A01346974_Assignment02_Assignment2] INFO  o.eclipse.m2e.core.internal.Bundles - 	Entry: C:\Users\rishi\.p2\pool\plugins\org.eclipse.m2e.maven.runtime_3.9.600.20231203-1234\jars\wagon-provider-api-3.5.3.jar
2024-12-25 00:19:06,556 [Worker-25: Launching Executing install in C__Users_rishi_OneDrive_Desktop_GitHubProjects_A01346974_Assignment02_Assignment2] INFO  o.eclipse.m2e.core.internal.Bundles - getClasspathEntries(Bundle=com.google.guava_33.0.0.jre [14])
2024-12-25 00:19:06,557 [Worker-25: Launching Executing install in C__Users_rishi_OneDrive_Desktop_GitHubProjects_A01346974_Assignment02_Assignment2] INFO  o.eclipse.m2e.core.internal.Bundles - 	Entry: C:\Users\rishi\.p2\pool\plugins\com.google.guava_33.0.0.jre.jar
2024-12-25 00:19:06,557 [Worker-25: Launching Executing install in C__Users_rishi_OneDrive_Desktop_GitHubProjects_A01346974_Assignment02_Assignment2] INFO  o.eclipse.m2e.core.internal.Bundles - getClasspathEntries(Bundle=slf4j.api_2.0.12 [998])
2024-12-25 00:19:06,557 [Worker-25: Launching Executing install in C__Users_rishi_OneDrive_Desktop_GitHubProjects_A01346974_Assignment02_Assignment2] INFO  o.eclipse.m2e.core.internal.Bundles - 	Entry: C:\Users\rishi\.p2\pool\plugins\slf4j.api_2.0.12.jar
2024-12-25 00:19:06,557 [Worker-25: Launching Executing install in C__Users_rishi_OneDrive_Desktop_GitHubProjects_A01346974_Assignment02_Assignment2] INFO  o.eclipse.m2e.core.internal.Bundles - getClasspathEntries(Bundle=javax.inject_1.0.0.v20091030 [1004])
2024-12-25 00:19:06,557 [Worker-25: Launching Executing install in C__Users_rishi_OneDrive_Desktop_GitHubProjects_A01346974_Assignment02_Assignment2] INFO  o.eclipse.m2e.core.internal.Bundles - 	Entry: C:\Users\rishi\.p2\pool\plugins\javax.inject_1.0.0.v20091030.jar
2024-12-25 00:19:06,557 [Worker-25: Launching Executing install in C__Users_rishi_OneDrive_Desktop_GitHubProjects_A01346974_Assignment02_Assignment2] INFO  o.eclipse.m2e.core.internal.Bundles - getClasspathEntries(Bundle=javax.annotation_1.3.5.v20200909-1856 [1003])
2024-12-25 00:19:06,558 [Worker-25: Launching Executing install in C__Users_rishi_OneDrive_Desktop_GitHubProjects_A01346974_Assignment02_Assignment2] INFO  o.eclipse.m2e.core.internal.Bundles - 	Entry: C:\Users\rishi\.p2\pool\plugins\javax.annotation_1.3.5.v20200909-1856.jar
2024-12-25 00:19:06,558 [Worker-25: Launching Executing install in C__Users_rishi_OneDrive_Desktop_GitHubProjects_A01346974_Assignment02_Assignment2] INFO  o.eclipse.m2e.core.internal.Bundles - getClasspathEntries(Bundle=org.apache.commons.cli_1.6.0 [75])
2024-12-25 00:19:06,558 [Worker-25: Launching Executing install in C__Users_rishi_OneDrive_Desktop_GitHubProjects_A01346974_Assignment02_Assignment2] INFO  o.eclipse.m2e.core.internal.Bundles - 	Entry: C:\Users\rishi\.p2\pool\plugins\org.apache.commons.cli_1.6.0.jar
2024-12-25 00:19:06,558 [Worker-25: Launching Executing install in C__Users_rishi_OneDrive_Desktop_GitHubProjects_A01346974_Assignment02_Assignment2] INFO  o.eclipse.m2e.core.internal.Bundles - getClasspathEntries(Bundle=org.apache.commons.commons-codec_1.16.0 [78])
2024-12-25 00:19:06,558 [Worker-25: Launching Executing install in C__Users_rishi_OneDrive_Desktop_GitHubProjects_A01346974_Assignment02_Assignment2] INFO  o.eclipse.m2e.core.internal.Bundles - 	Entry: C:\Users\rishi\.p2\pool\plugins\org.apache.commons.commons-codec_1.16.0.jar
2024-12-25 00:19:06,558 [Worker-25: Launching Executing install in C__Users_rishi_OneDrive_Desktop_GitHubProjects_A01346974_Assignment02_Assignment2] INFO  o.eclipse.m2e.core.internal.Bundles - getClasspathEntries(Bundle=org.apache.commons.lang3_3.14.0 [86])
2024-12-25 00:19:06,558 [Worker-25: Launching Executing install in C__Users_rishi_OneDrive_Desktop_GitHubProjects_A01346974_Assignment02_Assignment2] INFO  o.eclipse.m2e.core.internal.Bundles - 	Entry: C:\Users\rishi\.p2\pool\plugins\org.apache.commons.lang3_3.14.0.jar
2024-12-25 00:19:06,558 [Worker-25: Launching Executing install in C__Users_rishi_OneDrive_Desktop_GitHubProjects_A01346974_Assignment02_Assignment2] INFO  o.eclipse.m2e.core.internal.Bundles - getClasspathEntries(Bundle=com.google.guava.failureaccess_1.0.2 [15])
2024-12-25 00:19:06,558 [Worker-25: Launching Executing install in C__Users_rishi_OneDrive_Desktop_GitHubProjects_A01346974_Assignment02_Assignment2] INFO  o.eclipse.m2e.core.internal.Bundles - 	Entry: C:\Users\rishi\.p2\pool\plugins\com.google.guava.failureaccess_1.0.2.jar
2024-12-25 00:19:06,560 [Worker-25: Launching Executing install in C__Users_rishi_OneDrive_Desktop_GitHubProjects_A01346974_Assignment02_Assignment2] INFO  o.e.m.i.launch.MavenLaunchDelegate - Run build in "C:\Users\rishi\OneDrive\Desktop\GitHubProjects\A01346974_Assignment02\Assignment2":
2024-12-25 00:19:06,560 [Worker-25: Launching Executing install in C__Users_rishi_OneDrive_Desktop_GitHubProjects_A01346974_Assignment02_Assignment2] INFO  o.e.m.i.launch.MavenLaunchDelegate -  mvn  -B -Dstyle.color=always install
